\BOOKMARK [1][-]{section*.2}{\376\377\000K\000i\000v\000o\000n\000a\000t}{}% 1
\BOOKMARK [1][-]{section*.3}{\376\377\000A\000b\000s\000t\000r\000a\000c\000t}{}% 2
\BOOKMARK [1][-]{section.1}{\376\377\000B\000e\000v\000e\000z\000e\000t\000\351\000s}{}% 3
\BOOKMARK [2][-]{subsection.1.1}{\376\377\000T\000\366\000r\000t\000\351\000n\000e\000l\000m\000i\000\040\000\341\000t\000t\000e\000k\000i\000n\000t\000\351\000s\000,\000\040\000m\000o\000t\000i\000v\000\341\000c\000i\000\363\000k}{section.1}% 4
\BOOKMARK [2][-]{subsection.1.2}{\376\377\000A\000\040\000f\000e\000l\000a\000d\000a\000t\000\040\000c\000\351\000l\000j\000a}{section.1}% 5
\BOOKMARK [2][-]{subsection.1.3}{\376\377\000A\000\040\000d\000o\000l\000g\000o\000z\000a\000t\000\040\000s\000z\000e\000r\000k\000e\000z\000e\000t\000e}{section.1}% 6
\BOOKMARK [1][-]{section.2}{\376\377\000I\000r\000o\000d\000a\000l\000o\000m\000k\000u\000t\000a\000t\000\341\000s}{}% 7
\BOOKMARK [2][-]{subsection.2.1}{\376\377\000K\000\366\000z\000v\000e\000t\000l\000e\000n\000\040\000D\000i\000g\000i\000t\000\341\000l\000i\000s\000\040\000S\000z\000i\000n\000t\000\351\000z\000i\000s\000\040\000e\000l\000v\000e}{section.2}% 8
\BOOKMARK [2][-]{subsection.2.2}{\376\377\000A\000\040\000D\000D\000S\000\040\000m\001\161\000k\000\366\000d\000\351\000s\000e}{section.2}% 9
\BOOKMARK [3][-]{subsubsection.2.2.1}{\376\377\000F\000\341\000z\000i\000s\000a\000k\000k\000u\000m\000u\000l\000\341\000l\000\341\000s\000:}{subsection.2.2}% 10
\BOOKMARK [2][-]{subsection.2.3}{\376\377\000D\000D\000S\000\040\000g\000e\000n\000e\000r\000\341\000t\000o\000r\000o\000k\000\040\000f\001\121\000b\000b\000\040\000t\000u\000l\000a\000j\000d\000o\000n\000s\000\341\000g\000a\000i\000,\000\040\000m\000\351\000r\000\351\000s\000\351\000n\000e\000k\000\040\000e\000l\000v\000e\000i\000,\000\040\000j\000e\000l\000f\000e\000l\000d\000o\000l\000g\000o\000z\000\341\000s}{section.2}% 11
\BOOKMARK [2][-]{subsection.2.4}{\376\377\000D\000/\000A\000\040\000\341\000t\000a\000l\000a\000k\000\355\000t\000\363}{section.2}% 12
\BOOKMARK [2][-]{subsection.2.5}{\376\377\000F\000P\000G\000A\000-\000r\000a\000\040\000t\000e\000r\000v\000e\000z\000\351\000s}{section.2}% 13
\BOOKMARK [2][-]{subsection.2.6}{\376\377\000A\000\040\000D\000D\000S\000\040\000g\000e\000n\000e\000r\000\341\000t\000o\000r\000o\000k\000\040\000e\000l\001\121\000n\000y\000e\000i\000\040\000\351\000s\000\040\000a\000l\000k\000a\000l\000m\000a\000z\000\341\000s\000i\000\040\000p\000\351\000l\000d\000\341\000k}{section.2}% 14
\BOOKMARK [1][-]{section.3}{\376\377\000C\000\351\000l\000k\000i\000t\001\161\000z\000\351\000s\000e\000k\000,\000\040\000f\000e\000l\000h\000a\000s\000z\000n\000\341\000l\000t\000\040\000e\000s\000z\000k\000\366\000z\000\366\000k}{}% 15
\BOOKMARK [2][-]{subsection.3.1}{\376\377\000R\000e\000n\000d\000s\000z\000e\000r\000k\000\366\000v\000e\000t\000e\000l\000m\000\351\000n\000y\000e\000k}{section.3}% 16
\BOOKMARK [2][-]{subsection.3.2}{\376\377\000F\000e\000l\000h\000a\000s\000z\000n\000\341\000l\000t\000\040\000e\000s\000z\000k\000\366\000z\000\366\000k}{section.3}% 17
\BOOKMARK [1][-]{section.4}{\376\377\000R\000e\000n\000d\000s\000z\000e\000r\000t\000e\000r\000v}{}% 18
\BOOKMARK [2][-]{subsection.4.1}{\376\377\000A\000d\000a\000t\000\341\000t\000v\000i\000t\000e\000l\000i\000\040\000p\000r\000o\000t\000o\000k\000o\000l\000l}{section.4}% 19
\BOOKMARK [2][-]{subsection.4.2}{\376\377\000R\000e\000g\000i\000s\000z\000t\000e\000r\000f\000\341\000j\000l}{section.4}% 20
\BOOKMARK [2][-]{subsection.4.3}{\376\377\000N\000u\000m\000e\000r\000i\000c\000a\000l\000l\000y\000\040\000C\000o\000n\000t\000r\000o\000l\000l\000e\000d\000\040\000O\000s\000c\000i\000l\000l\000a\000t\000o\000r\000\040\000m\000o\000d\000u\000l}{section.4}% 21
\BOOKMARK [2][-]{subsection.4.4}{\376\377\000B\000l\000o\000c\000k\000\040\000R\000a\000m\000\040\000m\000o\000d\000u\000l}{section.4}% 22
\BOOKMARK [2][-]{subsection.4.5}{\376\377\000D\000i\000g\000i\000t\000\341\000l\000-\000A\000n\000a\000l\000\363\000g\000\040\000\341\000t\000a\000l\000a\000k\000\355\000t\000\363}{section.4}% 23
\BOOKMARK [2][-]{subsection.4.6}{\376\377\000S\000z\000o\000f\000t\000v\000e\000r}{section.4}% 24
\BOOKMARK [1][-]{section.5}{\376\377\000V\000e\000r\000i\000f\000i\000k\000\341\000c\000i\000\363\000\040\000\351\000s\000\040\000s\000z\000i\000n\000t\000\351\000z\000i\000s}{}% 25
\BOOKMARK [1][-]{section.6}{\376\377\000\301\000r\000a\000m\000k\000\366\000r\000\040\000m\000\351\000r\000\351\000s\000e\000\040\000\351\000s\000\040\000m\000\351\000r\000\351\000s\000i\000\040\000e\000r\000e\000d\000m\000\351\000n\000y\000e\000k\000\040\000k\000i\000\351\000r\000t\000\351\000k\000e\000l\000\351\000s\000e}{}% 26
\BOOKMARK [1][-]{section.7}{\376\377\000\326\000s\000s\000z\000e\000f\000o\000g\000l\000a\000l\000\341\000s}{}% 27
\BOOKMARK [1][-]{section*.21}{\376\377\000I\000r\000o\000d\000a\000l\000o\000m\000j\000e\000g\000y\000z\000\351\000k}{}% 28
